PHOENIXstudios PC_DIMMER - Version 5.4.0 Build 4613 
Fehlerbericht vom 14.12.2015 um 22:29:52
----------------------------------------------------------------------------------------------------
Fehlertyp: EIdCouldNotBindSocket
Exception address: 00703342
Verursacher: TMainform
----------------------------------------------------------------------------------------------------
System   :  Workstation, Version: 10.0, Build: 295A, ""
Processor: Intel,        Intel(R) Core(TM) i7-2600K CPU @ 3.40GHz, 3420 MHz MMX
Display  : 1920x1080 pixels, 32 bpp
----------------------------------------------------------------------------------------------------
Stack list, generated 14.12.2015 22:29:52
(0030233D) [0070333D]
(00302027) [00703027]
(0031927F) [0071A27F]
(00319834) [0071A834]
(00319008) [0071A008]
(00683ADB) [00A84ADB]
(000B1C69) [004B2C69]
(000B4C3D) [004B5C3D]
(0042D3F3) [0082E3F3]
(0009BD08) [0049CD08]
(000A081A) [004A181A]
(0009BD08) [0049CD08]
(0009EDBB) [0049FDBB]
(000B23F5) [004B33F5]
(0009EDBB) [0049FDBB]
(0042E2E6) [0082F2E6]
(0036FCB7) [00770CB7]
(0038E360) [0078F360]
(0036FF3B) [00770F3B]
(0009BAD8) [0049CAD8]
(0009E90F) [0049F90F]
(0009E97A) [0049F97A]
(000A07EE) [004A17EE]
(0042D51E) [0082E51E]
(0009BD08) [0049CD08]
(0010B469) [0050C469]
(006291EA) [00A2A1EA]
(000B11F9) [004B21F9]
(0003C99C) [0043D99C]
(0009EDBB) [0049FDBB]
(000B23F5) [004B33F5]
(0042E2E6) [0082F2E6]
(0036FCB7) [00770CB7]
(0038E360) [0078F360]
(0036FF3B) [00770F3B]
(0009BAD8) [0049CAD8]
(0009A79B) [0049B79B]
(000B1EEA) [004B2EEA]
(000B91A4) [004BA1A4]
(0079A5C1) [00B9B5C1]
----------------------------------------------------------------------------------------------------
